<?xml version="1.0" encoding="UTF-8"?>
<testng-results ignored="0" total="2" passed="2" failed="0" skipped="0">
  <reporter-output>
  </reporter-output>
  <suite started-at="2022-01-31T17:42:58 IST" name="Practice Suite" finished-at="2022-01-31T17:43:02 IST" duration-ms="4152">
    <groups>
    </groups>
    <test started-at="2022-01-31T17:42:58 IST" name="LoginTestChrome" finished-at="2022-01-31T17:43:00 IST" duration-ms="2094">
      <class name="com.practice.paralleltesting.Parallel">
        <test-method signature="doLoginParallel(java.lang.String)[pri:0, instance:com.practice.paralleltesting.Parallel@52719fb6]" started-at="2022-01-31T17:42:58 IST" name="doLoginParallel" finished-at="2022-01-31T17:43:00 IST" duration-ms="2031" status="PASS">
          <params>
            <param index="0">
              <value>
                <![CDATA[Chrome]]>
              </value>
            </param>
          </params>
          <reporter-output>
          </reporter-output>
        </test-method> <!-- doLoginParallel -->
      </class> <!-- com.practice.paralleltesting.Parallel -->
    </test> <!-- LoginTestChrome -->
    <test started-at="2022-01-31T17:43:00 IST" name="LoginTestFirefox" finished-at="2022-01-31T17:43:02 IST" duration-ms="2008">
      <class name="com.practice.paralleltesting.Parallel">
        <test-method signature="doLoginParallel(java.lang.String)[pri:0, instance:com.practice.paralleltesting.Parallel@58cbafc2]" started-at="2022-01-31T17:43:00 IST" name="doLoginParallel" finished-at="2022-01-31T17:43:02 IST" duration-ms="2005" status="PASS">
          <params>
            <param index="0">
              <value>
                <![CDATA[Firefox]]>
              </value>
            </param>
          </params>
          <reporter-output>
          </reporter-output>
        </test-method> <!-- doLoginParallel -->
      </class> <!-- com.practice.paralleltesting.Parallel -->
    </test> <!-- LoginTestFirefox -->
  </suite> <!-- Practice Suite -->
</testng-results>
