<?xml version="1.0" encoding="UTF-8"?>
<testng-results ignored="0" total="2" passed="2" failed="0" skipped="0">
  <reporter-output>
  </reporter-output>
  <suite started-at="2022-01-31T14:48:54 IST" name="Practice Suite" finished-at="2022-01-31T14:48:58 IST" duration-ms="4142">
    <groups>
    </groups>
    <test started-at="2022-01-31T14:48:54 IST" name="LoginTestChrome" finished-at="2022-01-31T14:48:56 IST" duration-ms="2071">
      <class name="com.practice.paralleltesting.Parallel">
        <test-method signature="doLoginParallel(java.lang.String)[pri:0, instance:com.practice.paralleltesting.Parallel@649bec2e]" started-at="2022-01-31T14:48:54 IST" name="doLoginParallel" finished-at="2022-01-31T14:48:56 IST" duration-ms="2026" status="PASS">
          <params>
            <param index="0">
              <value>
                <![CDATA[Chrome]]>
              </value>
            </param>
          </params>
          <reporter-output>
          </reporter-output>
        </test-method> <!-- doLoginParallel -->
      </class> <!-- com.practice.paralleltesting.Parallel -->
    </test> <!-- LoginTestChrome -->
    <test started-at="2022-01-31T14:48:56 IST" name="LoginTestFirefox" finished-at="2022-01-31T14:48:58 IST" duration-ms="2007">
      <class name="com.practice.paralleltesting.Parallel">
        <test-method signature="doLoginParallel(java.lang.String)[pri:0, instance:com.practice.paralleltesting.Parallel@f736069]" started-at="2022-01-31T14:48:56 IST" name="doLoginParallel" finished-at="2022-01-31T14:48:58 IST" duration-ms="2004" status="PASS">
          <params>
            <param index="0">
              <value>
                <![CDATA[Firefox]]>
              </value>
            </param>
          </params>
          <reporter-output>
          </reporter-output>
        </test-method> <!-- doLoginParallel -->
      </class> <!-- com.practice.paralleltesting.Parallel -->
    </test> <!-- LoginTestFirefox -->
  </suite> <!-- Practice Suite -->
</testng-results>
