<?xml version="1.0" encoding="UTF-8"?>
<!-- Generated by org.testng.reporters.JUnitXMLReporter -->
<testsuite ignored="0" hostname="EPINHYDW022A" failures="0" tests="3" name="LoginTest" time="0.065" errors="0" timestamp="2022-01-31T14:03:01 IST">
  <testcase classname="com.practice.test.Rough" name="getDataFromParameters" time="0.006"/>
  <testcase classname="com.practice.test.Rough" name="ourFunc" time="0.001"/>
  <testcase classname="com.practice.test.Rough" name="ourFunc" time="0.001"/>
</testsuite> <!-- LoginTest -->
